[2015.06.05 19:10:02] // [JAVA HEAP MEMORY] USED : 16,529,824 bytes(49.3%), FREE : 17,024,608 bytes(50.7%), TOTAL : 33,554,432 bytes, CHANGE : 1,259,048 bytes
[2015.06.05 19:10:02] // [THREAD COUNT] TOTAL : 17, ACTIVE : 3, CHANGE : 0
[2015.06.05 19:10:02] // [CPU] : 0.027777778
[2015.06.05 19:10:02] // [PROCESS START TIME] 2015-04-17 10:40:59
[2015.06.05 19:10:02] // [DB CONNECTION] OPEN: 1, ACTIVE: 0
[2015.06.05 19:10:02] // [PROCESS FILE DESCRIPTOR COUNT] 345
[2015.06.05 19:10:02] // ================================================================
[2015.06.05 19:11:02] 
[2015.06.05 19:11:02] // ================================================================
[2015.06.05 19:11:02] // [JAVA HEAP MEMORY] USED : 7,132,736 bytes(21.4%), FREE : 26,159,552 bytes(78.6%), TOTAL : 33,292,288 bytes, CHANGE : -9,397,088 bytes
[2015.06.05 19:11:02] // [THREAD COUNT] TOTAL : 17, ACTIVE : 3, CHANGE : 0
[2015.06.05 19:11:02] // [CPU] : 0.013888889
[2015.06.05 19:11:02] // [PROCESS START TIME] 2015-04-17 10:40:59
[2015.06.05 19:11:02] // [DB CONNECTION] OPEN: 1, ACTIVE: 0
[2015.06.05 19:11:02] // [PROCESS FILE DESCRIPTOR COUNT] 345
[2015.06.05 19:11:02] // ================================================================
[2015.06.05 19:12:02] 
[2015.06.05 19:12:02] // ================================================================
[2015.06.05 19:12:02] // [JAVA HEAP MEMORY] USED : 8,300,256 bytes(24.9%), FREE : 24,992,032 bytes(75.1%), TOTAL : 33,292,288 bytes, CHANGE : 1,167,520 bytes
[2015.06.05 19:12:02] // [THREAD COUNT] TOTAL : 17, ACTIVE : 3, CHANGE : 0
[2015.06.05 19:12:02] // [CPU] : 0.013888889
[2015.06.05 19:12:02] // [PROCESS START TIME] 2015-04-17 10:40:59
[2015.06.05 19:12:02] // [DB CONNECTION] OPEN: 1, ACTIVE: 0
[2015.06.05 19:12:02] // [PROCESS FILE DESCRIPTOR COUNT] 345
[2015.06.05 19:12:02] // ================================================================
[2015.06.05 19:13:02] 
[2015.06.05 19:13:02] // ================================================================
[2015.06.05 19:13:02] // [JAVA HEAP MEMORY] USED : 9,528,624 bytes(28.6%), FREE : 23,763,664 bytes(71.4%), TOTAL : 33,292,288 bytes, CHANGE : 1,228,368 bytes
[2015.06.05 19:13:02] // [THREAD COUNT] TOTAL : 18, ACTIVE : 3, CHANGE : 1
[2015.06.05 19:13:02] // [CPU] : 0.0
[2015.06.05 19:13:02] // [PROCESS START TIME] 2015-04-17 10:40:59
[2015.06.05 19:13:02] // [DB CONNECTION] OPEN: 1, ACTIVE: 0
[2015.06.05 19:13:02] // [PROCESS FILE DESCRIPTOR COUNT] 345
[2015.06.05 19:13:02] // ================================================================
[2015.06.05 19:14:02] 
[2015.06.05 19:14:02] // ================================================================
[2015.06.05 19:14:02] // [JAVA HEAP MEMORY] USED : 10,719,888 bytes(32.2%), FREE : 22,572,400 bytes(67.8%), TOTAL : 33,292,288 bytes, CHANGE : 1,191,264 bytes
[2015.06.05 19:14:02] // [THREAD COUNT] TOTAL : 17, ACTIVE : 3, CHANGE : -1
[2015.06.05 19:14:02] // [CPU] : 0.013888889
[2015.06.05 19:14:02] // [PROCESS START TIME] 2015-04-17 10:40:59
[2015.06.05 19:14:02] // [DB CONNECTION] OPEN: 1, ACTIVE: 0
[2015.06.05 19:14:02] // [PROCESS FILE DESCRIPTOR COUNT] 345
[2015.06.05 19:14:02] // ================================================================
[2015.06.05 19:15:02] 
[2015.06.05 19:15:02] // ================================================================
[2015.06.05 19:15:02] // [JAVA HEAP MEMORY] USED : 11,936,712 bytes(35.9%), FREE : 21,355,576 bytes(64.1%), TOTAL : 33,292,288 bytes, CHANGE : 1,216,824 bytes
[2015.06.05 19:15:02] // [THREAD COUNT] TOTAL : 17, ACTIVE : 3, CHANGE : 0
[2015.06.05 19:15:02] // [CPU] : 0.0
[2015.06.05 19:15:02] // [PROCESS START TIME] 2015-04-17 10:40:59
[2015.06.05 19:15:02] // [DB CONNECTION] OPEN: 1, ACTIVE: 0
[2015.06.05 19:15:02] // [PROCESS FILE DESCRIPTOR COUNT] 345
[2015.06.05 19:15:02] // ================================================================
[2015.06.05 19:16:02] 
[2015.06.05 19:16:02] // ================================================================
[2015.06.05 19:16:02] // [JAVA HEAP MEMORY] USED : 13,101,752 bytes(39.4%), FREE : 20,190,536 bytes(60.6%), TOTAL : 33,292,288 bytes, CHANGE : 1,165,040 bytes
[2015.06.05 19:16:02] // [THREAD COUNT] TOTAL : 17, ACTIVE : 3, CHANGE : 0
[2015.06.05 19:16:02] // [CPU] : 0.0
[2015.06.05 19:16:02] // [PROCESS START TIME] 2015-04-17 10:40:59
[2015.06.05 19:16:02] // [DB CONNECTION] OPEN: 1, ACTIVE: 0
[2015.06.05 19:16:02] // [PROCESS FILE DESCRIPTOR COUNT] 345
[2015.06.05 19:16:02] // ================================================================
[2015.06.05 19:17:02] 
[2015.06.05 19:17:02] // ================================================================
[2015.06.05 19:17:02] // [JAVA HEAP MEMORY] USED : 14,280,400 bytes(42.9%), FREE : 19,011,888 bytes(57.1%), TOTAL : 33,292,288 bytes, CHANGE : 1,178,648 bytes
[2015.06.05 19:17:02] // [THREAD COUNT] TOTAL : 17, ACTIVE : 3, CHANGE : 0
[2015.06.05 19:17:02] // [CPU] : 0.0
[2015.06.05 19:17:02] // [PROCESS START TIME] 2015-04-17 10:40:59
[2015.06.05 19:17:02] // [DB CONNECTION] OPEN: 1, ACTIVE: 0
[2015.06.05 19:17:02] // [PROCESS FILE DESCRIPTOR COUNT] 343
[2015.06.05 19:17:02] // ================================================================
[2015.06.05 19:18:02] 
[2015.06.05 19:18:02] // ================================================================
[2015.06.05 19:18:02] // [JAVA HEAP MEMORY] USED : 15,521,928 bytes(46.6%), FREE : 17,770,360 bytes(53.4%), TOTAL : 33,292,288 bytes, CHANGE : 1,241,528 bytes
[2015.06.05 19:18:02] // [THREAD COUNT] TOTAL : 18, ACTIVE : 3, CHANGE : 1
[2015.06.05 19:18:02] // [CPU] : 0.0
[2015.06.05 19:18:02] // [PROCESS START TIME] 2015-04-17 10:40:59
[2015.06.05 19:18:02] // [DB CONNECTION] OPEN: 1, ACTIVE: 0
[2015.06.05 19:18:02] // [PROCESS FILE DESCRIPTOR COUNT] 344
[2015.06.05 19:18:02] // ================================================================
[2015.06.05 19:19:02] 
[2015.06.05 19:19:02] // ================================================================
[2015.06.05 19:19:02] // [JAVA HEAP MEMORY] USED : 16,713,824 bytes(50.2%), FREE : 16,578,464 bytes(49.8%), TOTAL : 33,292,288 bytes, CHANGE : 1,191,896 bytes
[2015.06.05 19:19:02] // [THREAD COUNT] TOTAL : 17, ACTIVE : 3, CHANGE : -1
[2015.06.05 19:19:02] // [CPU] : 0.0
[2015.06.05 19:19:02] // [PROCESS START TIME] 2015-04-17 10:40:59
[2015.06.05 19:19:02] // [DB CONNECTION] OPEN: 1, ACTIVE: 0
[2015.06.05 19:19:02] // [PROCESS FILE DESCRIPTOR COUNT] 343
[2015.06.05 19:19:02] // ================================================================
[2015.06.05 19:20:02] 
[2015.06.05 19:20:02] // ================================================================
[2015.06.05 19:20:02] // [JAVA HEAP MEMORY] USED : 7,491,072 bytes(22.5%), FREE : 25,801,216 bytes(77.5%), TOTAL : 33,292,288 bytes, CHANGE : -9,222,752 bytes
[2015.06.05 19:20:02] // [THREAD COUNT] TOTAL : 17, ACTIVE : 3, CHANGE : 0
[2015.06.05 19:20:02] // [CPU] : 0.0
[2015.06.05 19:20:02] // [PROCESS START TIME] 2015-04-17 10:40:59
[2015.06.05 19:20:02] // [DB CONNECTION] OPEN: 1, ACTIVE: 0
[2015.06.05 19:20:02] // [PROCESS FILE DESCRIPTOR COUNT] 344
[2015.06.05 19:20:02] // ================================================================
[2015.06.05 19:21:02] 
[2015.06.05 19:21:02] // ================================================================
[2015.06.05 19:21:02] // [JAVA HEAP MEMORY] USED : 8,646,696 bytes(26.0%), FREE : 24,645,592 bytes(74.0%), TOTAL : 33,292,288 bytes, CHANGE : 1,155,624 bytes
[2015.06.05 19:21:02] // [THREAD COUNT] TOTAL : 17, ACTIVE : 3, CHANGE : 0
[2015.06.05 19:21:02] // [CPU] : 0.0
[2015.06.05 19:21:02] // [PROCESS START TIME] 2015-04-17 10:40:59
[2015.06.05 19:21:02] // [DB CONNECTION] OPEN: 1, ACTIVE: 0
[2015.06.05 19:21:02] // [PROCESS FILE DESCRIPTOR COUNT] 343
[2015.06.05 19:21:02] // ================================================================
[2015.06.05 19:22:02] 
[2015.06.05 19:22:02] // ================================================================
[2015.06.05 19:22:02] // [JAVA HEAP MEMORY] USED : 9,828,848 bytes(29.5%), FREE : 23,463,440 bytes(70.5%), TOTAL : 33,292,288 bytes, CHANGE : 1,182,152 bytes
[2015.06.05 19:22:02] // [THREAD COUNT] TOTAL : 17, ACTIVE : 3, CHANGE : 0
[2015.06.05 19:22:02] // [CPU] : 0.0
[2015.06.05 19:22:02] // [PROCESS START TIME] 2015-04-17 10:40:59
[2015.06.05 19:22:02] // [DB CONNECTION] OPEN: 1, ACTIVE: 0
[2015.06.05 19:22:02] // [PROCESS FILE DESCRIPTOR COUNT] 343
[2015.06.05 19:22:02] // ================================================================
[2015.06.05 19:23:02] 
[2015.06.05 19:23:02] // ================================================================
[2015.06.05 19:23:02] // [JAVA HEAP MEMORY] USED : 11,072,112 bytes(33.3%), FREE : 22,220,176 bytes(66.7%), TOTAL : 33,292,288 bytes, CHANGE : 1,243,264 bytes
[2015.06.05 19:23:02] // [THREAD COUNT] TOTAL : 18, ACTIVE : 3, CHANGE : 1
[2015.06.05 19:23:02] // [CPU] : 0.0
[2015.06.05 19:23:02] // [PROCESS START TIME] 2015-04-17 10:40:59
[2015.06.05 19:23:02] // [DB CONNECTION] OPEN: 1, ACTIVE: 0
[2015.06.05 19:23:02] // [PROCESS FILE DESCRIPTOR COUNT] 343
[2015.06.05 19:23:02] // ================================================================
[2015.06.05 19:24:02] 
[2015.06.05 19:24:02] // ================================================================
[2015.06.05 19:24:02] // [JAVA HEAP MEMORY] USED : 12,274,560 bytes(36.9%), FREE : 21,017,728 bytes(63.1%), TOTAL : 33,292,288 bytes, CHANGE : 1,202,448 bytes
[2015.06.05 19:24:02] // [THREAD COUNT] TOTAL : 17, ACTIVE : 3, CHANGE : -1
[2015.06.05 19:24:02] // [CPU] : 0.0
[2015.06.05 19:24:02] // [PROCESS START TIME] 2015-04-17 10:40:59
[2015.06.05 19:24:02] // [DB CONNECTION] OPEN: 1, ACTIVE: 0
[2015.06.05 19:24:02] // [PROCESS FILE DESCRIPTOR COUNT] 344
[2015.06.05 19:24:02] // ================================================================
[2015.06.05 19:25:02] 
[2015.06.05 19:25:02] // ================================================================
[2015.06.05 19:25:02] // [JAVA HEAP MEMORY] USED : 13,468,184 bytes(40.5%), FREE : 19,824,104 bytes(59.5%), TOTAL : 33,292,288 bytes, CHANGE : 1,193,624 bytes
[2015.06.05 19:25:02] // [THREAD COUNT] TOTAL : 17, ACTIVE : 3, CHANGE : 0
[2015.06.05 19:25:02] // [CPU] : 0.0
[2015.06.05 19:25:02] // [PROCESS START TIME] 2015-04-17 10:40:59
[2015.06.05 19:25:02] // [DB CONNECTION] OPEN: 1, ACTIVE: 0
[2015.06.05 19:25:02] // [PROCESS FILE DESCRIPTOR COUNT] 344
[2015.06.05 19:25:02] // ================================================================
[2015.06.05 19:26:02] 
[2015.06.05 19:26:02] // ================================================================
[2015.06.05 19:26:02] // [JAVA HEAP MEMORY] USED : 14,628,048 bytes(43.9%), FREE : 18,664,240 bytes(56.1%), TOTAL : 33,292,288 bytes, CHANGE : 1,159,864 bytes
[2015.06.05 19:26:02] // [THREAD COUNT] TOTAL : 17, ACTIVE : 3, CHANGE : 0
[2015.06.05 19:26:02] // [CPU] : 0.0
[2015.06.05 19:26:02] // [PROCESS START TIME] 2015-04-17 10:40:59
[2015.06.05 19:26:02] // [DB CONNECTION] OPEN: 1, ACTIVE: 0
[2015.06.05 19:26:02] // [PROCESS FILE DESCRIPTOR COUNT] 343
[2015.06.05 19:26:02] // ================================================================
[2015.06.05 19:27:02] 
[2015.06.05 19:27:02] // ================================================================
[2015.06.05 19:27:02] // [JAVA HEAP MEMORY] USED : 15,802,032 bytes(47.5%), FREE : 17,490,256 bytes(52.5%), TOTAL : 33,292,288 bytes, CHANGE : 1,173,984 bytes
[2015.06.05 19:27:02] // [THREAD COUNT] TOTAL : 17, ACTIVE : 3, CHANGE : 0
[2015.06.05 19:27:02] // [CPU] : 0.0
[2015.06.05 19:27:02] // [PROCESS START TIME] 2015-04-17 10:40:59
[2015.06.05 19:27:02] // [DB CONNECTION] OPEN: 1, ACTIVE: 0
[2015.06.05 19:27:02] // [PROCESS FILE DESCRIPTOR COUNT] 343
[2015.06.05 19:27:02] // ================================================================
[2015.06.05 19:28:02] 
[2015.06.05 19:28:02] // ================================================================
[2015.06.05 19:28:02] // [JAVA HEAP MEMORY] USED : 6,532,968 bytes(19.6%), FREE : 26,759,320 bytes(80.4%), TOTAL : 33,292,288 bytes, CHANGE : -9,269,064 bytes
[2015.06.05 19:28:02] // [THREAD COUNT] TOTAL : 18, ACTIVE : 3, CHANGE : 1
[2015.06.05 19:28:02] // [CPU] : 0.0
[2015.06.05 19:28:02] // [PROCESS START TIME] 2015-04-17 10:40:59
[2015.06.05 19:28:02] // [DB CONNECTION] OPEN: 1, ACTIVE: 0
[2015.06.05 19:28:02] // [PROCESS FILE DESCRIPTOR COUNT] 344
[2015.06.05 19:28:02] // ================================================================
[2015.06.05 19:29:02] 
[2015.06.05 19:29:02] // ================================================================
[2015.06.05 19:29:02] // [JAVA HEAP MEMORY] USED : 7,746,232 bytes(23.3%), FREE : 25,546,056 bytes(76.7%), TOTAL : 33,292,288 bytes, CHANGE : 1,213,264 bytes
[2015.06.05 19:29:02] // [THREAD COUNT] TOTAL : 17, ACTIVE : 3, CHANGE : -1
[2015.06.05 19:29:02] // [CPU] : 0.0
[2015.06.05 19:29:02] // [PROCESS START TIME] 2015-04-17 10:40:59
[2015.06.05 19:29:02] // [DB CONNECTION] OPEN: 1, ACTIVE: 0
[2015.06.05 19:29:02] // [PROCESS FILE DESCRIPTOR COUNT] 343
[2015.06.05 19:29:02] // ================================================================
[2015.06.05 19:30:02] 
[2015.06.05 19:30:02] // ================================================================
[2015.06.05 19:30:02] // [JAVA HEAP MEMORY] USED : 8,948,696 bytes(26.9%), FREE : 24,343,592 bytes(73.1%), TOTAL : 33,292,288 bytes, CHANGE : 1,202,464 bytes
[2015.06.05 19:30:02] // [THREAD COUNT] TOTAL : 17, ACTIVE : 3, CHANGE : 0
[2015.06.05 19:30:02] // [CPU] : 0.0
[2015.06.05 19:30:02] // [PROCESS START TIME] 2015-04-17 10:40:59
[2015.06.05 19:30:02] // [DB CONNECTION] OPEN: 1, ACTIVE: 0
[2015.06.05 19:30:02] // [PROCESS FILE DESCRIPTOR COUNT] 344
[2015.06.05 19:30:02] // ================================================================
[2015.06.05 19:31:02] 
[2015.06.05 19:31:02] // ================================================================
[2015.06.05 19:31:02] // [JAVA HEAP MEMORY] USED : 10,139,904 bytes(30.5%), FREE : 23,152,384 bytes(69.5%), TOTAL : 33,292,288 bytes, CHANGE : 1,191,208 bytes
[2015.06.05 19:31:02] // [THREAD COUNT] TOTAL : 17, ACTIVE : 3, CHANGE : 0
[2015.06.05 19:31:02] // [CPU] : 0.0
[2015.06.05 19:31:02] // [PROCESS START TIME] 2015-04-17 10:40:59
[2015.06.05 19:31:02] // [DB CONNECTION] OPEN: 1, ACTIVE: 0
[2015.06.05 19:31:02] // [PROCESS FILE DESCRIPTOR COUNT] 343
[2015.06.05 19:31:02] // ================================================================
[2015.06.05 19:32:02] 
[2015.06.05 19:32:02] // ================================================================
[2015.06.05 19:32:02] // [JAVA HEAP MEMORY] USED : 11,340,400 bytes(34.1%), FREE : 21,951,888 bytes(65.9%), TOTAL : 33,292,288 bytes, CHANGE : 1,200,496 bytes
[2015.06.05 19:32:02] // [THREAD COUNT] TOTAL : 17, ACTIVE : 3, CHANGE : 0
[2015.06.05 19:32:02] // [CPU] : 0.0
[2015.06.05 19:32:02] // [PROCESS START TIME] 2015-04-17 10:40:59
[2015.06.05 19:32:02] // [DB CONNECTION] OPEN: 1, ACTIVE: 0
[2015.06.05 19:32:02] // [PROCESS FILE DESCRIPTOR COUNT] 344
[2015.06.05 19:32:02] // ================================================================
[2015.06.05 19:33:02] 
[2015.06.05 19:33:02] // ================================================================
[2015.06.05 19:33:02] // [JAVA HEAP MEMORY] USED : 12,577,328 bytes(37.8%), FREE : 20,714,960 bytes(62.2%), TOTAL : 33,292,288 bytes, CHANGE : 1,236,928 bytes
[2015.06.05 19:33:02] // [THREAD COUNT] TOTAL : 18, ACTIVE : 3, CHANGE : 1
[2015.06.05 19:33:02] // [CPU] : 0.0
[2015.06.05 19:33:02] // [PROCESS START TIME] 2015-04-17 10:40:59
[2015.06.05 19:33:02] // [DB CONNECTION] OPEN: 1, ACTIVE: 0
[2015.06.05 19:33:02] // [PROCESS FILE DESCRIPTOR COUNT] 343
[2015.06.05 19:33:02] // ================================================================
[2015.06.05 19:34:02] 
[2015.06.05 19:34:02] // ================================================================
[2015.06.05 19:34:02] // [JAVA HEAP MEMORY] USED : 13,804,024 bytes(41.5%), FREE : 19,488,264 bytes(58.5%), TOTAL : 33,292,288 bytes, CHANGE : 1,226,696 bytes
[2015.06.05 19:34:02] // [THREAD COUNT] TOTAL : 17, ACTIVE : 3, CHANGE : -1
[2015.06.05 19:34:02] // [CPU] : 0.0
[2015.06.05 19:34:02] // [PROCESS START TIME] 2015-04-17 10:40:59
[2015.06.05 19:34:02] // [DB CONNECTION] OPEN: 1, ACTIVE: 0
[2015.06.05 19:34:02] // [PROCESS FILE DESCRIPTOR COUNT] 343
[2015.06.05 19:34:02] // ================================================================
[2015.06.05 19:35:02] 
[2015.06.05 19:35:02] // ================================================================
[2015.06.05 19:35:02] // [JAVA HEAP MEMORY] USED : 15,004,552 bytes(45.1%), FREE : 18,287,736 bytes(54.9%), TOTAL : 33,292,288 bytes, CHANGE : 1,200,528 bytes
[2015.06.05 19:35:02] // [THREAD COUNT] TOTAL : 17, ACTIVE : 3, CHANGE : 0
[2015.06.05 19:35:02] // [CPU] : 0.0
[2015.06.05 19:35:02] // [PROCESS START TIME] 2015-04-17 10:40:59
[2015.06.05 19:35:02] // [DB CONNECTION] OPEN: 1, ACTIVE: 0
[2015.06.05 19:35:02] // [PROCESS FILE DESCRIPTOR COUNT] 345
[2015.06.05 19:35:02] // ================================================================
[2015.06.05 19:36:02] 
[2015.06.05 19:36:02] // ================================================================
[2015.06.05 19:36:02] // [JAVA HEAP MEMORY] USED : 16,176,392 bytes(48.6%), FREE : 17,115,896 bytes(51.4%), TOTAL : 33,292,288 bytes, CHANGE : 1,171,840 bytes
[2015.06.05 19:36:02] // [THREAD COUNT] TOTAL : 17, ACTIVE : 3, CHANGE : 0
[2015.06.05 19:36:02] // [CPU] : 0.0
[2015.06.05 19:36:02] // [PROCESS START TIME] 2015-04-17 10:40:59
[2015.06.05 19:36:02] // [DB CONNECTION] OPEN: 1, ACTIVE: 0
[2015.06.05 19:36:02] // [PROCESS FILE DESCRIPTOR COUNT] 345
[2015.06.05 19:36:02] // ================================================================
[2015.06.05 19:37:02] 
[2015.06.05 19:37:02] // ================================================================
[2015.06.05 19:37:02] // [JAVA HEAP MEMORY] USED : 7,168,856 bytes(21.5%), FREE : 26,123,432 bytes(78.5%), TOTAL : 33,292,288 bytes, CHANGE : -9,007,536 bytes
[2015.06.05 19:37:02] // [THREAD COUNT] TOTAL : 17, ACTIVE : 3, CHANGE : 0
[2015.06.05 19:37:02] // [CPU] : 0.0
[2015.06.05 19:37:02] // [PROCESS START TIME] 2015-04-17 10:40:59
[2015.06.05 19:37:02] // [DB CONNECTION] OPEN: 1, ACTIVE: 0
[2015.06.05 19:37:02] // [PROCESS FILE DESCRIPTOR COUNT] 345
[2015.06.05 19:37:02] // ================================================================
[2015.06.05 19:38:02] 
[2015.06.05 19:38:02] // ================================================================
[2015.06.05 19:38:02] // [JAVA HEAP MEMORY] USED : 8,433,808 bytes(25.3%), FREE : 24,858,480 bytes(74.7%), TOTAL : 33,292,288 bytes, CHANGE : 1,264,952 bytes
[2015.06.05 19:38:02] // [THREAD COUNT] TOTAL : 18, ACTIVE : 3, CHANGE : 1
[2015.06.05 19:38:02] // [CPU] : 0.0
[2015.06.05 19:38:02] // [PROCESS START TIME] 2015-04-17 10:40:59
[2015.06.05 19:38:02] // [DB CONNECTION] OPEN: 1, ACTIVE: 0
[2015.06.05 19:38:02] // [PROCESS FILE DESCRIPTOR COUNT] 345
[2015.06.05 19:38:02] // ================================================================
[2015.06.05 19:39:02] 
[2015.06.05 19:39:02] // ================================================================
[2015.06.05 19:39:02] // [JAVA HEAP MEMORY] USED : 9,662,984 bytes(29.0%), FREE : 23,629,304 bytes(71.0%), TOTAL : 33,292,288 bytes, CHANGE : 1,229,176 bytes
[2015.06.05 19:39:02] // [THREAD COUNT] TOTAL : 17, ACTIVE : 3, CHANGE : -1
[2015.06.05 19:39:02] // [CPU] : 0.0
[2015.06.05 19:39:02] // [PROCESS START TIME] 2015-04-17 10:40:59
[2015.06.05 19:39:02] // [DB CONNECTION] OPEN: 1, ACTIVE: 0
[2015.06.05 19:39:02] // [PROCESS FILE DESCRIPTOR COUNT] 345
[2015.06.05 19:39:02] // ================================================================
[2015.06.05 19:40:02] 
[2015.06.05 19:40:02] // ================================================================
[2015.06.05 19:40:02] // [JAVA HEAP MEMORY] USED : 10,829,448 bytes(32.5%), FREE : 22,462,840 bytes(67.5%), TOTAL : 33,292,288 bytes, CHANGE : 1,166,464 bytes
[2015.06.05 19:40:02] // [THREAD COUNT] TOTAL : 17, ACTIVE : 3, CHANGE : 0
[2015.06.05 19:40:02] // [CPU] : 0.0
[2015.06.05 19:40:02] // [PROCESS START TIME] 2015-04-17 10:40:59
[2015.06.05 19:40:02] // [DB CONNECTION] OPEN: 1, ACTIVE: 0
[2015.06.05 19:40:02] // [PROCESS FILE DESCRIPTOR COUNT] 345
[2015.06.05 19:40:02] // ================================================================
[2015.06.05 19:41:02] 
[2015.06.05 19:41:02] // ================================================================
[2015.06.05 19:41:02] // [JAVA HEAP MEMORY] USED : 12,050,864 bytes(36.2%), FREE : 21,241,424 bytes(63.8%), TOTAL : 33,292,288 bytes, CHANGE : 1,221,416 bytes
[2015.06.05 19:41:02] // [THREAD COUNT] TOTAL : 17, ACTIVE : 3, CHANGE : 0
[2015.06.05 19:41:02] // [CPU] : 0.0
[2015.06.05 19:41:02] // [PROCESS START TIME] 2015-04-17 10:40:59
[2015.06.05 19:41:02] // [DB CONNECTION] OPEN: 1, ACTIVE: 0
[2015.06.05 19:41:02] // [PROCESS FILE DESCRIPTOR COUNT] 345
[2015.06.05 19:41:02] // ================================================================